build/app/outputs/mapping/release/configuration.txt
# The proguard configuration file for the following section is default_proguard_files/global/proguard-android.txt-7.1.2
# This is a configuration file for ProGuard.
# http://proguard.sourceforge.net/index.html#manual/usage.html
#
# Starting with version 2.2 of the Android plugin for Gradle, this file is distributed together with
# the plugin and unpacked at build-time. The files in $ANDROID_HOME are no longer maintained and
# will be ignored by new version of the Android plugin for Gradle.

# Optimization is turned off by default. Dex does not like code run
# through the ProGuard optimize steps (and performs some
# of these optimizations on its own).
# Note that if you want to enable optimization, you cannot just
# include optimization flags in your own project configuration file;
# instead you will need to point to the
# "proguard-android-optimize.txt" file instead of this one from your
# project.properties file.
-dontoptimize

-dontusemixedcaseclassnames
-dontskipnonpubliclibraryclasses
-verbose

# Preserve some attributes that may be required for reflection.
-keepattributes AnnotationDefault,
                EnclosingMethod,
                InnerClasses,
                RuntimeVisibleAnnotations,
                RuntimeVisibleParameterAnnotations,
                RuntimeVisibleTypeAnnotations,
                Signature

-keep public class com.google.vending.licensing.ILicensingService
-keep public class com.android.vending.licensing.ILicensingService
-keep public class com.google.android.vending.licensing.ILicensingService
-dontnote com.android.vending.licensing.ILicensingService
-dontnote com.google.vending.licensing.ILicensingService
-dontnote com.google.android.vending.licensing.ILicensingService

# For native methods, see http://proguard.sourceforge.net/manual/examples.html#native
-keepclasseswithmembernames,includedescriptorclasses class * {
    native <methods>;
}

# Keep setters in Views so that animations can still work.
-keepclassmembers public class * extends android.view.View {
    void set*(***);
    *** get*();
}

# We want to keep methods in Activity that could be used in the XML attribute onClick.
-keepclassmembers class * extends android.app.Activity {
    public void *(android.view.View);
}

# For enumeration classes, see http://proguard.sourceforge.net/manual/examples.html#enumerations
-keepclassmembers enum * {
    public static **[] values();
    public static ** valueOf(java.lang.String);
}

-keepclassmembers class * implements android.os.Parcelable {
    public static final ** CREATOR;
}

# Preserve annotated Javascript interface methods.
-keepclassmembers class * {
    @android.webkit.JavascriptInterface <methods>;
}

# The support libraries contains references to newer platform versions.
# Don't warn about those in case this app is linking against an older
# platform version. We know about them, and they are safe.
-dontnote android.support.**
-dontnote androidx.**
-dontwarn android.support.**
-dontwarn androidx.**

# This class is deprecated, but remains for backward compatibility.
-dontwarn android.util.FloatMath

# Understand the @Keep support annotation.
-keep class android.support.annotation.Keep
-keep class androidx.annotation.Keep

-keep @android.support.annotation.Keep class * {*;}
-keep @androidx.annotation.Keep class * {*;}

-keepclasseswithmembers class * {
    @android.support.annotation.Keep <methods>;
}

-keepclasseswithmembers class * {
    @androidx.annotation.Keep <methods>;
}

-keepclasseswithmembers class * {
    @android.support.annotation.Keep <fields>;
}

-keepclasseswithmembers class * {
    @androidx.annotation.Keep <fields>;
}

-keepclasseswithmembers class * {
    @android.support.annotation.Keep <init>(...);
}

-keepclasseswithmembers class * {
    @androidx.annotation.Keep <init>(...);
}

# These classes are duplicated between android.jar and org.apache.http.legacy.jar.
-dontnote org.apache.http.**
-dontnote android.net.http.**

# These classes are duplicated between android.jar and core-lambda-stubs.jar.
-dontnote java.lang.invoke.**

# End of content from default_proguard_files/global/proguard-android.txt-7.1.2
# The proguard configuration file for the following section is flutter_tools/gradle/flutter_proguard_rules.pro
# Build the ephemeral app in a module project.
# Prevents: Warning: library class <plugin-package> depends on program class io.flutter.plugin.**
# This is due to plugins (libraries) depending on the embedding (the program jar)
-dontwarn io.flutter.plugin.**

# The android.** package is provided by the OS at runtime.
-dontwarn android.**

# End of content from flutter_tools/gradle/flutter_proguard_rules.pro
# The proguard configuration file for the following section is aapt_proguard_file/release/aapt_rules.txt
-keep class android.app.Application { <init>(); }
-keep class androidx.core.app.CoreComponentFactory { <init>(); }
-keep class com.crazecoder.openfile.FileProvider { <init>(); }
-keep class com.dexterous.flutterlocalnotifications.ActionBroadcastReceiver { <init>(); }
-keep class com.dexterous.flutterlocalnotifications.ScheduledNotificationBootReceiver { <init>(); }
-keep class com.dexterous.flutterlocalnotifications.ScheduledNotificationReceiver { <init>(); }
-keep class com.google.android.datatransport.runtime.backends.TransportBackendDiscovery { <init>(); }
-keep class com.google.android.datatransport.runtime.scheduling.jobscheduling.AlarmManagerSchedulerBroadcastReceiver { <init>(); }
-keep class com.google.android.datatransport.runtime.scheduling.jobscheduling.JobInfoSchedulerService { <init>(); }
-keep class com.google.android.gms.common.api.GoogleApiActivity { <init>(); }
-keep class com.google.android.gms.measurement.AppMeasurementJobService { <init>(); }
-keep class com.google.android.gms.measurement.AppMeasurementReceiver { <init>(); }
-keep class com.google.android.gms.measurement.AppMeasurementService { <init>(); }
-keep class com.google.firebase.components.ComponentDiscoveryService { <init>(); }
-keep class com.google.firebase.iid.FirebaseInstanceIdReceiver { <init>(); }
-keep class com.google.firebase.messaging.FirebaseMessagingService { <init>(); }
-keep class com.google.firebase.provider.FirebaseInitProvider { <init>(); }
-keep class com.mkk.release.MainActivity { <init>(); }
-keep class com.yandex.metrica.MetricaService { <init>(); }
-keep class com.yandex.metrica.PreloadInfoContentProvider { <init>(); }
-keep class io.flutter.plugins.firebase.messaging.FlutterFirebaseMessagingBackgroundService { <init>(); }
-keep class io.flutter.plugins.firebase.messaging.FlutterFirebaseMessagingInitProvider { <init>(); }
-keep class io.flutter.plugins.firebase.messaging.FlutterFirebaseMessagingReceiver { <init>(); }
-keep class io.flutter.plugins.firebase.messaging.FlutterFirebaseMessagingService { <init>(); }
-keep class io.flutter.plugins.imagepicker.ImagePickerFileProvider { <init>(); }
-keep class io.flutter.plugins.urllauncher.WebViewActivity { <init>(); }
-keep class android.widget.Space { <init>(android.content.Context, android.util.AttributeSet); }

-keep class androidx.appcompat.app.AlertController$RecycleListView { <init>(android.content.Context, android.util.AttributeSet); }

-keep class androidx.appcompat.view.menu.ActionMenuItemView { <init>(android.content.Context, android.util.AttributeSet); }

-keep class androidx.appcompat.view.menu.ExpandedMenuView { <init>(android.content.Context, android.util.AttributeSet); }

-keep class androidx.appcompat.view.menu.ListMenuItemView { <init>(android.content.Context, android.util.AttributeSet); }

-keep class androidx.appcompat.widget.ActionBarContainer { <init>(android.content.Context, android.util.AttributeSet); }

-keep class androidx.appcompat.widget.ActionBarContextView { <init>(android.content.Context, android.util.AttributeSet); }

-keep class androidx.appcompat.widget.ActionBarOverlayLayout { <init>(android.content.Context, android.util.AttributeSet); }

-keep class androidx.appcompat.widget.ActionMenuView { <init>(android.content.Context, android.util.AttributeSet); }

-keep class androidx.appcompat.widget.ActivityChooserView$InnerLayout { <init>(android.content.Context, android.util.AttributeSet); }

-keep class androidx.appcompat.widget.AlertDialogLayout { <init>(android.content.Context, android.util.AttributeSet); }

-keep class androidx.appcompat.widget.ButtonBarLayout { <init>(android.content.Context, android.util.AttributeSet); }

-keep class androidx.appcompat.widget.ContentFrameLayout { <init>(android.content.Context, android.util.AttributeSet); }

-keep class androidx.appcompat.widget.DialogTitle { <init>(android.content.Context, android.util.AttributeSet); }

-keep class androidx.appcompat.widget.FitWindowsFrameLayout { <init>(android.content.Context, android.util.AttributeSet); }

-keep class androidx.appcompat.widget.FitWindowsLinearLayout { <init>(android.content.Context, android.util.AttributeSet); }

-keep class androidx.appcompat.widget.SearchView$SearchAutoComplete { <init>(android.content.Context, android.util.AttributeSet); }

-keep class androidx.appcompat.widget.Toolbar { <init>(android.content.Context, android.util.AttributeSet); }

-keep class androidx.appcompat.widget.ViewStubCompat { <init>(android.content.Context, android.util.AttributeSet); }

-keep class androidx.core.widget.NestedScrollView { <init>(android.content.Context, android.util.AttributeSet); }


# End of content from aapt_proguard_file/release/aapt_rules.txt
# The proguard configuration file for the following section is release/lib0/proguard.txt
# The point of this package is to specify that a dependent plugin intends to
# use the AndroidX lifecycle classes. Make sure no R8 heuristics shrink classes
# brought in by the embedding's pom.
#
# This isn't strictly needed since by definition, plugins using Android
# lifecycles should implement DefaultLifecycleObserver and therefore keep it
# from being shrunk. But there seems to be an R8 bug so this needs to stay
# https://issuetracker.google.com/issues/142778206.
-keep class androidx.lifecycle.DefaultLifecycleObserver

# End of content from release/lib0/proguard.txt
# The proguard configuration file for the following section is transformed/biometric-1.1.0/proguard.txt
# Copyright (C) 2020 The Android Open Source Project
#
# Licensed under the Apache License, Version 2.0 (the "License");
# you may not use this file except in compliance with the License.
# You may obtain a copy of the License at
#
#      http://www.apache.org/licenses/LICENSE-2.0
#
# Unless required by applicable law or agreed to in writing, software
# distributed under the License is distributed on an "AS IS" BASIS,
# WITHOUT WARRANTIES OR CONDITIONS OF ANY KIND, either express or implied.
# See the License for the specific language governing permissions and
# limitations under the License.

# Never inline methods, but allow shrinking and obfuscation.
-keepclassmembernames,allowobfuscation,allowshrinking
        class androidx.biometric.AuthenticationCallbackProvider$Api* {
    <methods>;
}
-keepclassmembernames,allowobfuscation,allowshrinking
        class androidx.biometric.BiometricFragment$Api* {
    <methods>;
}
-keepclassmembernames,allowobfuscation,allowshrinking
        class androidx.biometric.BiometricManager$Api* {
    <methods>;
}
-keepclassmembernames,allowobfuscation,allowshrinking
        class androidx.biometric.CancellationSignalProvider$Api* {
    <methods>;
}
-keepclassmembernames,allowobfuscation,allowshrinking
        class androidx.biometric.CryptoObjectUtils$Api* {
    <methods>;
}
-keepclassmembernames,allowobfuscation,allowshrinking
        class androidx.biometric.FingerprintDialogFragment$Api* {
    <methods>;
}
-keepclassmembernames,allowobfuscation,allowshrinking
        class androidx.biometric.KeyguardUtils$Api* {
    <methods>;
}
-keepclassmembernames,allowobfuscation,allowshrinking
        class androidx.biometric.PackageUtils$Api* {
    <methods>;
}

# End of content from transformed/biometric-1.1.0/proguard.txt
# The proguard configuration file for the following section is transformed/appcompat-1.2.0/proguard.txt
# Copyright (C) 2018 The Android Open Source Project
#
# Licensed under the Apache License, Version 2.0 (the "License");
# you may not use this file except in compliance with the License.
# You may obtain a copy of the License at
#
#      http://www.apache.org/licenses/LICENSE-2.0
#
# Unless required by applicable law or agreed to in writing, software
# distributed under the License is distributed on an "AS IS" BASIS,
# WITHOUT WARRANTIES OR CONDITIONS OF ANY KIND, either express or implied.
# See the License for the specific language governing permissions and
# limitations under the License.

# aapt is not able to read app::actionViewClass and app:actionProviderClass to produce proguard
# keep rules. Add a commonly used SearchView to the keep list until b/109831488 is resolved.
-keep class androidx.appcompat.widget.SearchView { <init>(...); }

# Never inline methods, but allow shrinking and obfuscation.
-keepclassmembernames,allowobfuscation,allowshrinking class androidx.appcompat.widget.AppCompatTextViewAutoSizeHelper$Impl* {
  <methods>;
}

# End of content from transformed/appcompat-1.2.0/proguard.txt
# The proguard configuration file for the following section is transformed/jetified-play-services-measurement-api-21.2.0/proguard.txt
# Can be removed once we pull in a dependency on firebase-common that includes
# https://github.com/firebase/firebase-android-sdk/pull/1472/commits/856f1ca1151cdd88679bbc778892f23dfa34fc06#diff-a2ed34b5a38b4c6c686b09e54865eb48
-dontwarn com.google.auto.value.AutoValue
-dontwarn com.google.auto.value.AutoValue$Builder

# We keep all fields for every generated proto file as the runtime uses
# reflection over them that ProGuard cannot detect. Without this keep
# rule, fields may be removed that would cause runtime failures.
-keepclassmembers class * extends com.google.android.gms.internal.measurement.zzkf {
  <fields>;
}

# End of content from transformed/jetified-play-services-measurement-api-21.2.0/proguard.txt
# The proguard configuration file for the following section is transformed/jetified-firebase-common-20.2.0/proguard.txt
-dontwarn com.google.firebase.platforminfo.KotlinDetector
-dontwarn com.google.auto.value.AutoValue
-dontwarn com.google.auto.value.AutoValue$Builder

# End of content from transformed/jetified-firebase-common-20.2.0/proguard.txt
# The proguard configuration file for the following section is transformed/jetified-mobmetricalib-5.2.0/proguard.txt
-dontwarn com.yandex.metrica.**

-keeppackagenames com.yandex.metrica*

-keep class com.yandex.metrica.impl.ob.** { *; }
-dontwarn com.yandex.metrica.impl.ob.**

-keep class com.yandex.metrica.impl.ac.** { *; }
-dontwarn com.yandex.metrica.impl.ac.**

-keep class com.android.installreferrer.api.* { *; }
-dontwarn com.android.installreferrer.api.*

-keep class com.android.installreferrer.api.* {
    *;
}

-keep class com.google.android.gms.ads.identifier.AdvertisingIdClient** {
    *;
}

-keep class kotlin.KotlinVersion {
    *;
}

# Important Yandex Metrica classes
-keep class com.yandex.metrica.CounterConfiguration
-keep public class com.yandex.metrica.MetricaService
-keep public interface com.yandex.metrica.IMetricaService
-keep public class com.yandex.metrica.PreloadInfoContentProvider

# Yandex Metrica API
-keep public class com.yandex.metrica.YandexMetrica {
	public <methods>;
}

-keep public class com.yandex.metrica.YandexMetricaDefaultValues* {
    public static final *;
}

-keep public interface com.yandex.metrica.IReporter {
    public <methods>;
}

-keep public class com.yandex.metrica.DeferredDeeplinkParametersListener** {
    *;
}

-keep public class com.yandex.metrica.DeferredDeeplinkListener** {
    *;
}

-keep public class com.yandex.metrica.AppMetricaDeviceIDListener** {
    *;
}

-keep public class com.yandex.metrica.PreloadInfo* {
    public <methods>;
}

-keep public class com.yandex.metrica.profile.* {
    public <methods>;
}

-keep public class com.yandex.metrica.YandexMetricaConfig* {
    public <methods>;
    public <fields>;
}

-keep public class com.yandex.metrica.ReporterConfig* {
    public <methods>;
    public <fields>;
}

-keep public enum com.yandex.metrica.profile.GenderAttribute$Gender {
    *;
}

-keep public class com.yandex.metrica.Revenue* {
    public <methods>;
    public <fields>;
}

-keep public class com.yandex.metrica.AdRevenue* {
    public <methods>;
    public <fields>;
}

-keep public enum com.yandex.metrica.AdType {
    *;
}

-keep public class com.yandex.metrica.ecommerce.* {
    public <methods>;
}

-keep public class com.yandex.metrica.plugins.* {
    public *;
}

-keep public interface com.yandex.metrica.plugins.* {
    public *;
}

-keep public class com.yandex.metrica.IIdentifierCallback** {
    *;
}

-keep public class com.yandex.metrica.IParamsCallback** {
    *;
}

-keep public class com.yandex.metrica.FeaturesResult {
    *;
}

# Bridge
-keep class com.yandex.metrica.p {
    <methods>;
}

-keep public interface com.yandex.metrica.p$Ucc {
    *;
}

-keep class com.yandex.metrica.h {
    <methods>;
}

-keep public class com.yandex.metrica.impl.interact.* {
    public *;
}

-keep class com.yandex.metrica.uiaccessor.FragmentLifecycleCallback {
    public <methods>;
}

-keep public class com.yandex.metrica.AppMetricaJsInterface {
    public <methods>;
    public <init>();
}

-keep public class com.yandex.metrica.AppMetricaInitializerJsInterface {
    public <methods>;
    public <init>();
}

-keep public class com.yandex.metrica.ValidationException

# https://st.yandex-team.ru/METRIKALIB-7624
-keep public class com.android.billingclient.BuildConfig {
    *;
}
-keep public class com.google.android.gms.appset.AppSet

-keep class com.unity3d.player.UnityPlayer
-keep class mono.MonoPackageManager
-keep class org.apache.cordova.CordovaPlugin
-keep class com.facebook.react.ReactRootView
-keep class io.flutter.embedding.engine.FlutterEngine

-keepattributes *Annotation*

-keepclassmembers enum * {
    public static **[] values();
    public static ** valueOf(java.lang.String);
}

-keep class com.yandex.metrica.DoNotInline
-keep,allowobfuscation @com.yandex.metrica.DoNotInline class * {
    *;
}

-keep class com.yandex.metrica.ModulesFacade {
    public <methods>;
}


-dontwarn com.google.android.gms.**
-keep class com.yandex.metrica.gpllibrary.GplLocationCallback { *; }
-keep class com.yandex.metrica.gpllibrary.GplOnSuccessListener { *; }
-keep class com.yandex.metrica.gpllibrary.DoNotInline
-keep,allowobfuscation @com.yandex.metrica.gpllibrary.DoNotInline class * {
    *;
}



-keep class com.yandex.metrica.uiaccessor.DoNotInline
-keep,allowobfuscation @com.yandex.metrica.uiaccessor.DoNotInline class * {
    *;
}


-keep class com.yandex.metrica.billing_interface.DoNotInline
-keep,allowobfuscation @com.yandex.metrica.billing_interface.DoNotInline class * {
    *;
}


-keep class com.yandex.metrica.billing.v3.DoNotInline
-keep,allowobfuscation @com.yandex.metrica.billing.v3.DoNotInline class * {
    *;
}
-dontwarn com.android.billingclient.api.**


-keep class com.yandex.metrica.billing.v4.DoNotInline
-keep,allowobfuscation @com.yandex.metrica.billing.v4.DoNotInline class * {
    *;
}
-dontwarn com.android.billingclient.api.**


-keep class com.yandex.metrica.rtm.wrapper.DoNotInline
-keep,allowobfuscation @com.yandex.metrica.rtm.wrapper.DoNotInline class * {
    *;
}



-dontwarn com.google.android.gms.**
-keep class com.yandex.metrica.gpllibrary.GplLocationCallback { *; }
-keep class com.yandex.metrica.gpllibrary.GplOnSuccessListener { *; }
-keep class com.yandex.metrica.gpllibrary.DoNotInline
-keep,allowobfuscation @com.yandex.metrica.gpllibrary.DoNotInline class * {
    *;
}



-keep class com.yandex.metrica.uiaccessor.DoNotInline
-keep,allowobfuscation @com.yandex.metrica.uiaccessor.DoNotInline class * {
    *;
}


-keep class com.yandex.metrica.billing_interface.DoNotInline