build/app/outputs/mapping/release/seeds.txt
com.mkk.release.MainActivity
com.mkk.release.MainActivity: MainActivity()
...
com.yandex.metrica.impl.ob.ea: java.lang.String b(java.lang.String,java.lang.String)
com.yandex.metrica.impl.ob.Fd: void c(int)
com.yandex.metrica.impl.ob.hl$a: hl$a(com.yandex.metrica.impl.ob.hl)
com.yandex.metrica.impl.ob.r1: void a()
com.yandex.metrica.impl.ob.Y8: com.yandex.metrica.impl.ob.Y8 g(long)
org.chromium.support_lib_boundary.WebMessageCallbackBoundaryInterface: void onMessage(java.lang.reflect.InvocationHandler,java.lang.reflect.InvocationHandler)
com.yandex.metrica.impl.ob.Na: Na(com.yandex.metrica.impl.ob.Ra,java.math.BigDecimal,com.yandex.metrica.impl.ob.Qa,com.yandex.metrica.impl.ob.Ta)
com.yandex.metrica.impl.ob.Fi: Fi()
androidx.core.app.RemoteInput$Api16Impl: android.content.ClipData getClipData(android.content.Intent)
com.yandex.metrica.impl.ob.E8: E8()
com.yandex.metrica.impl.ob.Z6: void a()
com.yandex.metrica.impl.ob.hl: void a(com.yandex.metrica.impl.ob.Yk,boolean)
com.yandex.metrica.impl.ob.Wi: void d(java.lang.String,java.lang.String)
androidx.appcompat.widget.AppCompatImageButton: void setImageResource(int)
androidx.core.graphics.drawable.DrawableCompat$Api19Impl: void setAutoMirrored(android.graphics.drawable.Drawable,boolean)
com.yandex.metrica.impl.ob.Rl: Rl()
com.yandex.metrica.impl.ob.c0: com.yandex.metrica.impl.ob.c0 c(com.yandex.metrica.impl.ob.c0)
com.yandex.metrica.impl.ob.xf$m: com.yandex.metrica.impl.ob.xf$m[] b()
com.yandex.metrica.impl.ob.y2: y2(com.yandex.metrica.impl.ob.O0,java.lang.String)
com.yandex.metrica.impl.ob.l: com.yandex.metrica.billing_interface.a a(java.lang.String)
com.yandex.metrica.impl.ob.yg$c: com.yandex.metrica.impl.ob.rg a()
androidx.core.graphics.drawable.DrawableCompat$Api21Impl: android.graphics.ColorFilter getColorFilter(android.graphics.drawable.Drawable)
androidx.window.embedding.SplitPlaceholderRule: SplitPlaceholderRule(java.util.Set,android.content.Intent,int,int,float,int,int,kotlin.jvm.internal.DefaultConstructorMarker)
com.google.firebase.datatransport.TransportRegistrar: TransportRegistrar()
com.yandex.metrica.impl.ob.cg: void a(com.yandex.metrica.impl.ob.cg,com.yandex.metrica.impl.ob.Tf,com.yandex.metrica.impl.ob.cg$a)
com.yandex.metrica.impl.ob.V6: java.lang.Object a(java.lang.Object)
com.yandex.metrica.impl.ob.o1: void a(com.yandex.metrica.impl.ob.o1)
com.yandex.metrica.impl.ob.W5$b: java.lang.Long d(com.yandex.metrica.impl.ob.W5$b)
io.flutter.plugins.firebase.messaging.JobIntentService: JobIntentService()
com.yandex.metrica.impl.ob.jn: com.yandex.metrica.impl.ob.mn get(java.lang.Object)
com.yandex.metrica.impl.ob.Hd: long a(int)
com.yandex.metrica.impl.ob.Wi: void reportError(java.lang.String,java.lang.String,java.lang.Throwable)
com.yandex.metrica.impl.ob.i8: i8()
com.yandex.metrica.impl.ob.Hl: com.yandex.metrica.impl.ob.Fl a(java.lang.String)
com.yandex.metrica.impl.ob.c3: void a(java.util.List,boolean)
com.yandex.metrica.impl.ob.Hc: com.yandex.metrica.impl.ob.Kj b()
com.yandex.metrica.impl.ob.hj$a: int p(com.yandex.metrica.impl.ob.hj$a)
com.yandex.metrica.IReporter: com.yandex.metrica.plugins.IPluginReporter getPluginExtension()
com.yandex.metrica.impl.ob.yn: com.yandex.metrica.impl.ob.vn a(java.lang.Object)
com.yandex.metrica.impl.ob.m2$i: m2$i(com.yandex.metrica.core.api.ProtobufStateStorage)
com.yandex.metrica.impl.ob.Q7: Q7(com.yandex.metrica.impl.ob.b8,java.lang.String)
com.yandex.metrica.impl.ob.Wm: Wm(int,int)
com.yandex.metrica.impl.ob.T2: void setStatisticsSending(boolean)
com.yandex.metrica.impl.ob.Mh: java.lang.String toString()
com.yandex.metrica.impl.ob.G1$c: G1$c(com.yandex.metrica.impl.ob.G1,com.yandex.metrica.impl.ob.rd)
com.yandex.metrica.impl.ob.P1: javax.net.ssl.SSLSocketFactory getSslSocketFactory()
androidx.window.layout.SidecarWindowBackend$Companion: SidecarWindowBackend$Companion(kotlin.jvm.internal.DefaultConstructorMarker)
androidx.window.layout.ExtensionInterfaceCompat$ExtensionCallbackInterface: void onWindowLayoutChanged(android.app.Activity,androidx.window.layout.WindowLayoutInfo)