build/app/outputs/mapping/release/mapping.txt
# compiler: R8
# compiler_version: 3.1.66
# min_api: 21
# pg_map_id: 3c7fb75
# common_typos_disable
# {"id":"com.android.tools.r8.mapping","version":"1.0"}
...
io.flutter.plugins.firebase.messaging.FlutterFirebaseMessagingPlugin$1 -> io.flutter.plugins.firebase.messaging.e$a:
    java.lang.String val$token -> a
    io.flutter.plugins.firebase.messaging.FlutterFirebaseMessagingPlugin this$0 -> b
io.flutter.plugins.firebase.messaging.FlutterFirebaseMessagingPlugin$2 -> io.flutter.plugins.firebase.messaging.e$b:
    io.flutter.plugins.firebase.messaging.FlutterFirebaseMessagingPlugin this$0 -> b
    com.google.firebase.messaging.FirebaseMessaging val$firebaseMessaging -> a
io.flutter.plugins.firebase.messaging.FlutterFirebaseMessagingReceiver -> io.flutter.plugins.firebase.messaging.FlutterFirebaseMessagingReceiver:
    java.util.HashMap notifications -> a
io.flutter.plugins.firebase.messaging.FlutterFirebaseMessagingService -> io.flutter.plugins.firebase.messaging.FlutterFirebaseMessagingService:
    void onMessageReceived(com.google.firebase.messaging.RemoteMessage) -> q
    void onNewToken(java.lang.String) -> s
io.flutter.plugins.firebase.messaging.FlutterFirebaseMessagingStore -> io.flutter.plugins.firebase.messaging.f:
    io.flutter.plugins.firebase.messaging.FlutterFirebaseMessagingStore instance -> c
    android.content.SharedPreferences preferences -> b
    java.lang.String DELIMITER -> a
    java.util.Map getFirebaseMessageMap(java.lang.String) -> a
    io.flutter.plugins.firebase.messaging.FlutterFirebaseMessagingStore getInstance() -> b
    android.content.SharedPreferences getPreferences() -> c
    java.lang.String getPreferencesStringValue(java.lang.String,java.lang.String) -> d
    java.util.List jsonArrayToList(org.json.JSONArray) -> e
    java.util.Map jsonObjectToMap(org.json.JSONObject) -> f
    void removeFirebaseMessage(java.lang.String) -> g
    void setPreferencesStringValue(java.lang.String,java.lang.String) -> h
    void storeFirebaseMessage(com.google.firebase.messaging.RemoteMessage) -> i
io.flutter.plugins.firebase.messaging.FlutterFirebaseMessagingUtils -> io.flutter.plugins.firebase.messaging.g:
    com.google.firebase.messaging.FirebaseMessaging getFirebaseMessagingForArguments(java.util.Map) -> a
    com.google.firebase.messaging.RemoteMessage getRemoteMessageForArguments(java.util.Map) -> b
    java.util.Map getRemoteMessageNotificationForArguments(java.util.Map) -> c
    boolean isApplicationForeground(android.content.Context) -> d
    java.util.Map remoteMessageNotificationToMap(com.google.firebase.messaging.RemoteMessage$Notification) -> e
    java.util.Map remoteMessageToMap(com.google.firebase.messaging.RemoteMessage) -> f
io.flutter.plugins.firebase.messaging.FlutterFirebasePermissionManager -> io.flutter.plugins.firebase.messaging.h:
    io.flutter.plugins.firebase.messaging.FlutterFirebasePermissionManager$RequestPermissionsSuccessCallback successCallback -> b
    boolean requestInProgress -> c
    int permissionCode -> a
    void requestPermissions(android.app.Activity,io.flutter.plugins.firebase.messaging.FlutterFirebasePermissionManager$RequestPermissionsSuccessCallback,io.flutter.plugins.firebase.messaging.ErrorCallback) -> a
io.flutter.plugins.firebase.messaging.FlutterFirebasePermissionManager$RequestPermissionsSuccessCallback -> io.flutter.plugins.firebase.messaging.h$a:
    void onSuccess(int) -> a