build/app/outputs/mapping/release/usage.txt
com.mkk.release.BuildConfig
com.mkk.release.R$anim
com.mkk.release.R$animator
com.mkk.release.R$array
com.mkk.release.R$attr
com.mkk.release.R$bool
com.mkk.release.R$color
com.mkk.release.R$dimen
com.mkk.release.R$drawable
com.mkk.release.R$id
com.mkk.release.R$integer
com.mkk.release.R$interpolator
com.mkk.release.R$layout
com.mkk.release.R$mipmap
com.mkk.release.R$raw
com.mkk.release.R$string
com.mkk.release.R$style
com.mkk.release.R$styleable
com.mkk.release.R$xml
com.mkk.release.R
...
com.google.firebase.messaging.Constants:
    public static final java.lang.String FCM_WAKE_LOCK
    public static final java.lang.String IPC_BUNDLE_KEY_SEND_ERROR
    public static final java.lang.String TAG
    private void <init>()
com.google.firebase.messaging.DisplayNotification:
    private static final int IMAGE_DOWNLOAD_TIMEOUT_SECONDS
com.google.firebase.messaging.EnhancedIntentService:
    private static final java.lang.String TAG
com.google.firebase.messaging.FcmBroadcastProcessor:
    private static final java.lang.String EXTRA_BINARY_DATA
    private static final java.lang.String EXTRA_BINARY_DATA_BASE_64
    public void <init>(android.content.Context,java.util.concurrent.ExecutorService)
    public static void reset()
com.google.firebase.messaging.FcmExecutors:
    private static final java.lang.String THREAD_FILE
    static final java.lang.String THREAD_FILE_IO
    private static final java.lang.String THREAD_INIT
    private static final java.lang.String THREAD_INTENT_HANDLE
    private static final java.lang.String THREAD_NETWORK_IO
    static final java.lang.String THREAD_RPC_TASK
    private static final java.lang.String THREAD_TASK
    private static final java.lang.String THREAD_TOPICS_IO
    private void <init>()
    static java.util.concurrent.ExecutorService newFileExecutor()
    static java.util.concurrent.Executor newRpcTasksExecutor()
com.google.firebase.messaging.FirebaseMessaging$AutoInit:
    private static final java.lang.String AUTO_INIT_PREF
    private static final java.lang.String FCM_PREFERENCES
    private static final java.lang.String MANIFEST_METADATA_AUTO_INIT_ENABLED
com.google.firebase.messaging.FirebaseMessaging:
    private static final java.lang.String EXTRA_DUMMY_P_INTENT
    static final java.lang.String GMS_PACKAGE
    public static final java.lang.String INSTANCE_ID_SCOPE
    private static final long MIN_DELAY_SEC
    private static final java.lang.String SEND_INTENT_ACTION
    private static final java.lang.String SUBTYPE_DEFAULT
    static final java.lang.String TAG
    static synchronized void clearStoreForTest()
    static void clearTransportFactoryForTest()
    public boolean deliveryMetricsExportToBigQueryEnabled()
    com.google.android.gms.tasks.Task getTopicsSubscriberTask()
    public boolean isNotificationDelegationEnabled()
    public com.google.android.gms.tasks.Task setNotificationDelegationEnabled(boolean)
com.google.firebase.messaging.FirebaseMessagingService:
    public static final java.lang.String ACTION_DIRECT_BOOT_REMOTE_INTENT
    static final java.lang.String ACTION_NEW_TOKEN
    static final java.lang.String ACTION_REMOTE_INTENT
    static final java.lang.String EXTRA_TOKEN
    private static final int RECENTLY_RECEIVED_MESSAGE_IDS_MAX_SIZE
    static void resetForTesting()